<?xml version="1.0" encoding="UTF-8"?>
<testng-results ignored="0" total="1" passed="1" failed="0" skipped="0">
  <reporter-output>
    <line>
      <![CDATA[Execution started]]>
    </line>
    <line>
      <![CDATA[Browser launching]]>
    </line>
  </reporter-output>
  <suite started-at="2022-09-30T20:10:39 IST" name="Suite" finished-at="2022-09-30T20:10:57 IST" duration-ms="18631">
    <groups>
    </groups>
    <test started-at="2022-09-30T20:10:39 IST" name="Test" finished-at="2022-09-30T20:10:57 IST" duration-ms="18631">
      <class name="com.learnautomation.testcases.LoginTestCRM">
        <test-method is-config="true" signature="setUp()[pri:0, instance:com.learnautomation.testcases.LoginTestCRM@5ace1ed4]" started-at="2022-09-30T20:10:38 IST" name="setUp" finished-at="2022-09-30T20:10:39 IST" duration-ms="612" status="PASS">
          <reporter-output>
            <line>
              <![CDATA[Execution started]]>
            </line>
          </reporter-output>
        </test-method> <!-- setUp -->
        <test-method is-config="true" signature="start()[pri:0, instance:com.learnautomation.testcases.LoginTestCRM@5ace1ed4]" started-at="2022-09-30T20:10:39 IST" name="start" finished-at="2022-09-30T20:10:47 IST" duration-ms="8623" status="PASS">
          <reporter-output>
            <line>
              <![CDATA[Browser launching]]>
            </line>
          </reporter-output>
        </test-method> <!-- start -->
        <test-method signature="loginApp()[pri:0, instance:com.learnautomation.testcases.LoginTestCRM@5ace1ed4]" started-at="2022-09-30T20:10:47 IST" name="loginApp" finished-at="2022-09-30T20:10:56 IST" duration-ms="8970" status="PASS">
          <reporter-output>
          </reporter-output>
        </test-method> <!-- loginApp -->
        <test-method is-config="true" signature="tearDownMethod(org.testng.ITestResult)[pri:0, instance:com.learnautomation.testcases.LoginTestCRM@5ace1ed4]" started-at="2022-09-30T20:10:56 IST" name="tearDownMethod" finished-at="2022-09-30T20:10:57 IST" duration-ms="586" status="PASS">
          <params>
            <param index="0">
              <value>
                <![CDATA[[TestResult name=loginApp status=SUCCESS method=LoginTestCRM.loginApp()[pri:0, instance:com.learnautomation.testcases.LoginTestCRM@5ace1ed4] output={null}]]]>
              </value>
            </param>
          </params>
          <reporter-output>
          </reporter-output>
        </test-method> <!-- tearDownMethod -->
        <test-method is-config="true" signature="end()[pri:0, instance:com.learnautomation.testcases.LoginTestCRM@5ace1ed4]" started-at="2022-09-30T20:10:57 IST" name="end" finished-at="2022-09-30T20:10:57 IST" duration-ms="419" status="PASS">
          <reporter-output>
          </reporter-output>
        </test-method> <!-- end -->
      </class> <!-- com.learnautomation.testcases.LoginTestCRM -->
    </test> <!-- Test -->
  </suite> <!-- Suite -->
</testng-results>
